{
  "RSpec": {
    "coverage": {
      "/home/nikolay/work/ruby_garage/my_engine/shopping_cart/lib/shopping_cart.rb": [
        1,
        1,
        1,
        1,
        1,
        1,
        null,
        null,
        1,
        1,
        null
      ],
      "/home/nikolay/work/ruby_garage/my_engine/shopping_cart/lib/shopping_cart/engine.rb": [
        1,
        1,
        1,
        null,
        1,
        1,
        1,
        1,
        1,
        null,
        null,
        1,
        1,
        null,
        null,
        1,
        1,
        1,
        null,
        null,
        null,
        null,
        null
      ],
      "/home/nikolay/work/ruby_garage/my_engine/shopping_cart/lib/shopping_cart/application_controller_methods.rb": [
        1,
        1,
        1,
        1,
        null,
        1,
        1,
        null,
        null,
        1,
        34,
        7,
        0,
        null,
        7,
        null,
        null,
        27,
        null,
        null,
        null,
        1,
        34,
        34,
        null,
        10,
        null,
        null,
        null,
        1,
        0,
        null,
        null,
        null,
        null
      ],
      "/home/nikolay/work/ruby_garage/my_engine/shopping_cart/lib/shopping_cart/acts_as_shopping_cart.rb": [
        1,
        1,
        1,
        null,
        1,
        1,
        1,
        1,
        null,
        null,
        null,
        null,
        1,
        1,
        1,
        1,
        null,
        1,
        null,
        null,
        null,
        null,
        null
      ],
      "/home/nikolay/work/ruby_garage/my_engine/shopping_cart/config/routes.rb": [
        1,
        1,
        null,
        1,
        null,
        1,
        null,
        1,
        1,
        1,
        null,
        null,
        null,
        1,
        null
      ],
      "/home/nikolay/work/ruby_garage/my_engine/shopping_cart/app/controllers/shopping_cart/carts_controller.rb": [
        1,
        null,
        1,
        1,
        1,
        null,
        null,
        1,
        6,
        6,
        6,
        null,
        null,
        1,
        2,
        2,
        null,
        null,
        1,
        null,
        1,
        2,
        null,
        null,
        1,
        4,
        3,
        3,
        3,
        1,
        2,
        2,
        2,
        null,
        null,
        null,
        null,
        null,
        null
      ],
      "/home/nikolay/work/ruby_garage/my_engine/shopping_cart/app/controllers/shopping_cart/application_controller.rb": [
        1,
        1,
        null,
        null
      ],
      "/home/nikolay/work/ruby_garage/my_engine/shopping_cart/app/helpers/shopping_cart/application_helper.rb": [
        1,
        1,
        1,
        0,
        null,
        null,
        1,
        1,
        1,
        12,
        1,
        null,
        null,
        1,
        1,
        null,
        null,
        1,
        1,
        1,
        null,
        null,
        1,
        1,
        1,
        1,
        null,
        null,
        null
      ],
      "/home/nikolay/work/ruby_garage/my_engine/shopping_cart/app/helpers/shopping_cart/carts_helper.rb": [
        1,
        1,
        null,
        null
      ],
      "/home/nikolay/work/ruby_garage/my_engine/shopping_cart/app/controllers/shopping_cart/checkout_controller.rb": [
        1,
        null,
        1,
        1,
        1,
        1,
        null,
        1,
        null,
        1,
        null,
        1,
        8,
        null,
        2,
        2,
        null,
        null,
        2,
        2,
        0,
        null,
        null,
        null,
        2,
        0,
        null,
        2,
        null,
        null,
        2,
        0,
        0,
        null,
        2,
        2,
        null,
        null,
        8,
        null,
        null,
        1,
        4,
        null,
        1,
        1,
        1,
        1,
        null,
        1,
        null,
        1,
        1,
        null,
        0,
        0,
        null,
        null,
        null,
        1,
        null,
        null,
        1,
        1,
        null,
        null,
        4,
        null,
        null,
        1,
        0,
        null,
        null,
        1,
        0,
        0,
        null,
        0,
        null,
        null,
        null,
        1,
        null,
        1,
        12,
        0,
        12,
        0,
        null,
        null,
        null,
        1,
        1,
        null,
        null,
        1,
        1,
        null,
        null,
        1,
        1,
        0,
        null,
        1,
        null,
        null,
        null,
        1,
        1,
        null,
        null,
        1,
        1,
        null,
        null,
        1,
        2,
        null,
        null,
        null
      ],
      "/home/nikolay/work/ruby_garage/my_engine/shopping_cart/app/controllers/shopping_cart/order_items_controller.rb": [
        1,
        null,
        1,
        1,
        1,
        1,
        1,
        null,
        1,
        2,
        2,
        null,
        0,
        null,
        null,
        null,
        1,
        2,
        2,
        0,
        0,
        null,
        2,
        null,
        null,
        null,
        1,
        null,
        1,
        2,
        2,
        null,
        2,
        null,
        null,
        1,
        2,
        null,
        null,
        1,
        4,
        0,
        null,
        4,
        null,
        null,
        null,
        1,
        4,
        4,
        null,
        2,
        2,
        null,
        null,
        null,
        1,
        0,
        null,
        null,
        null
      ],
      "/home/nikolay/work/ruby_garage/my_engine/shopping_cart/app/helpers/shopping_cart/order_items_helper.rb": [
        1,
        1,
        null,
        null
      ],
      "/home/nikolay/work/ruby_garage/my_engine/shopping_cart/app/controllers/shopping_cart/orders_controller.rb": [
        1,
        null,
        1,
        1,
        1,
        null,
        1,
        5,
        5,
        5,
        5,
        null,
        null,
        1,
        2,
        null,
        null,
        null,
        null
      ],
      "/home/nikolay/work/ruby_garage/my_engine/shopping_cart/app/models/shopping_cart/address.rb": [
        1,
        1,
        1,
        1,
        null,
        1,
        null,
        1,
        null,
        null,
        1,
        null,
        null
      ],
      "/home/nikolay/work/ruby_garage/my_engine/shopping_cart/app/models/shopping_cart/country.rb": [
        1,
        1,
        1,
        null,
        null
      ],
      "/home/nikolay/work/ruby_garage/my_engine/shopping_cart/app/models/shopping_cart/coupon.rb": [
        1,
        1,
        1,
        null,
        1,
        1,
        null,
        null
      ],
      "/home/nikolay/work/ruby_garage/my_engine/shopping_cart/app/models/shopping_cart/credit_card.rb": [
        1,
        1,
        1,
        null,
        1,
        1,
        null,
        1,
        null,
        1,
        1,
        null,
        null
      ],
      "/home/nikolay/work/ruby_garage/my_engine/shopping_cart/app/models/shopping_cart/delivery.rb": [
        1,
        1,
        1,
        1,
        null,
        1,
        null,
        null
      ],
      "/home/nikolay/work/ruby_garage/my_engine/shopping_cart/app/models/shopping_cart/order_item.rb": [
        1,
        1,
        1,
        null,
        1,
        null,
        1,
        1,
        null,
        1,
        145,
        59,
        null,
        86,
        null,
        null,
        null,
        1,
        139,
        null,
        null,
        1,
        null,
        1,
        143,
        null,
        null,
        null
      ],
      "/home/nikolay/work/ruby_garage/my_engine/shopping_cart/app/models/shopping_cart/order.rb": [
        1,
        1,
        1,
        1,
        null,
        1,
        null,
        1,
        1,
        1,
        null,
        1,
        null,
        1,
        1,
        null,
        1,
        1,
        null,
        1,
        1,
        null,
        1,
        1,
        1,
        1,
        1,
        1,
        null,
        1,
        1,
        null,
        null,
        1,
        1,
        null,
        null,
        1,
        1,
        null,
        null,
        1,
        1,
        null,
        null,
        null,
        1,
        4,
        4,
        1,
        null,
        3,
        null,
        null,
        null,
        1,
        358,
        null,
        null,
        1,
        112,
        null,
        null,
        1,
        112,
        null,
        null,
        1,
        112,
        null,
        null,
        1,
        112,
        null,
        null,
        1,
        3,
        null,
        null,
        1,
        4,
        4,
        null,
        null,
        1,
        3,
        1,
        0,
        null,
        1,
        null,
        null,
        null,
        null,
        1,
        3,
        1,
        0,
        null,
        1,
        null,
        null,
        null,
        null,
        null,
        1,
        2,
        null,
        null,
        1,
        null,
        1,
        2,
        null,
        null,
        1,
        112,
        null,
        null,
        null
      ],
      "/home/nikolay/work/ruby_garage/my_engine/shopping_cart/app/models/shopping_cart/billing_address.rb": [
        1,
        1,
        null,
        null
      ],
      "/home/nikolay/work/ruby_garage/my_engine/shopping_cart/app/models/shopping_cart/shipping_address.rb": [
        1,
        1,
        null,
        null
      ]
    },
    "timestamp": 1458038585
  }
}
